0 info it worked if it ends with ok
1 verbose cli [ 'C:\\Program Files (x86)\\nodejs\\\\node.exe',
1 verbose cli   'C:\\Program Files (x86)\\nodejs\\node_modules\\npm\\bin\\npm-cli.js',
1 verbose cli   'install',
1 verbose cli   '-',
1 verbose cli   'ionic' ]
2 info using npm@2.7.4
3 info using node@v0.12.2
4 verbose node symlink C:\Program Files (x86)\nodejs\\node.exe
5 silly cache add args [ '-', null ]
6 verbose cache add spec -
7 silly cache add args [ 'ionic', null ]
8 verbose cache add spec ionic
9 silly cache add parsed spec { raw: '-',
9 silly cache add   scope: null,
9 silly cache add   name: null,
9 silly cache add   rawSpec: '-',
9 silly cache add   spec: 'C:\\Development\\BathApp\\-',
9 silly cache add   type: 'local' }
10 silly cache add parsed spec { raw: 'ionic',
10 silly cache add   scope: null,
10 silly cache add   name: 'ionic',
10 silly cache add   rawSpec: '',
10 silly cache add   spec: '*',
10 silly cache add   type: 'range' }
11 verbose addNamed ionic@*
12 silly addNamed semver.valid null
13 silly addNamed semver.validRange *
14 silly addNameRange { name: 'ionic', range: '*', hasData: false }
15 silly mapToRegistry name ionic
16 silly mapToRegistry using default registry
17 silly mapToRegistry registry https://registry.npmjs.org/
18 silly mapToRegistry uri https://registry.npmjs.org/ionic
19 verbose addNameRange registry:https://registry.npmjs.org/ionic not in flight; fetching
20 error addLocal Could not install C:\Development\BathApp\-
21 verbose request uri https://registry.npmjs.org/ionic
22 verbose request no auth needed
23 info attempt registry request try #1 at 9:19:35 AM
24 verbose request id 91b86c53dc531de6
25 verbose etag "4R35Q0VCFG3N1BBPR914XLZFE"
26 http request GET https://registry.npmjs.org/ionic
27 http 304 https://registry.npmjs.org/ionic
28 silly get cb [ 304,
28 silly get   { date: 'Thu, 05 Nov 2015 09:19:35 GMT',
28 silly get     via: '1.1 varnish',
28 silly get     'cache-control': 'max-age=60',
28 silly get     etag: '"4R35Q0VCFG3N1BBPR914XLZFE"',
28 silly get     age: '0',
28 silly get     connection: 'keep-alive',
28 silly get     'x-served-by': 'cache-lcy1128-LCY',
28 silly get     'x-cache': 'HIT',
28 silly get     'x-cache-hits': '1',
28 silly get     'x-timer': 'S1446715175.949575,VS0,VE159',
28 silly get     vary: 'Accept' } ]
29 verbose etag https://registry.npmjs.org/ionic from cache
30 verbose get saving ionic to C:\Users\rowed1\AppData\Roaming\npm-cache\registry.npmjs.org\ionic\.cache.json
31 silly addNameRange number 2 { name: 'ionic', range: '*', hasData: true }
32 silly addNameRange versions [ 'ionic',
32 silly addNameRange   [ '0.9.6',
32 silly addNameRange     '0.9.8',
32 silly addNameRange     '0.9.9',
32 silly addNameRange     '0.9.10',
32 silly addNameRange     '0.9.11',
32 silly addNameRange     '0.9.12',
32 silly addNameRange     '0.9.13',
32 silly addNameRange     '0.9.14',
32 silly addNameRange     '0.9.15',
32 silly addNameRange     '0.9.16',
32 silly addNameRange     '1.0.0-beta.1',
32 silly addNameRange     '1.0.0-beta',
32 silly addNameRange     '1.0.1-beta',
32 silly addNameRange     '1.0.3-beta',
32 silly addNameRange     '1.0.4',
32 silly addNameRange     '1.0.5',
32 silly addNameRange     '1.0.6',
32 silly addNameRange     '1.0.7',
32 silly addNameRange     '1.0.8',
32 silly addNameRange     '1.0.9',
32 silly addNameRange     '1.0.10',
32 silly addNameRange     '1.0.11',
32 silly addNameRange     '1.0.12',
32 silly addNameRange     '1.0.13',
32 silly addNameRange     '1.0.14',
32 silly addNameRange     '1.0.15',
32 silly addNameRange     '1.0.16',
32 silly addNameRange     '1.0.17',
32 silly addNameRange     '1.1.0-beta1',
32 silly addNameRange     '1.1.0-beta2',
32 silly addNameRange     '1.1.0-beta3',
32 silly addNameRange     '1.1.0-beta4',
32 silly addNameRange     '1.1.0-beta5',
32 silly addNameRange     '1.1.0-beta6',
32 silly addNameRange     '1.1.0',
32 silly addNameRange     '1.1.1-beta1',
32 silly addNameRange     '1.1.1-beta2',
32 silly addNameRange     '1.1.1-beta3',
32 silly addNameRange     '1.1.1',
32 silly addNameRange     '1.1.3',
32 silly addNameRange     '1.1.4',
32 silly addNameRange     '1.1.5-beta1',
32 silly addNameRange     '1.1.5-beta2',
32 silly addNameRange     '1.1.5-beta3',
32 silly addNameRange     '1.1.5-beta4',
32 silly addNameRange     '1.1.5-beta5',
32 silly addNameRange     '1.1.5',
32 silly addNameRange     '1.1.6',
32 silly addNameRange     '1.1.7-beta1',
32 silly addNameRange     '1.1.7',
32 silly addNameRange     '1.1.8-beta1',
32 silly addNameRange     '1.1.8-beta2',
32 silly addNameRange     '1.1.8-beta3',
32 silly addNameRange     '1.1.8-beta4',
32 silly addNameRange     '1.1.8-beta5',
32 silly addNameRange     '1.1.8',
32 silly addNameRange     '1.1.9-beta1',
32 silly addNameRange     '1.1.9',
32 silly addNameRange     '1.1.10',
32 silly addNameRange     '1.1.11-beta1',
32 silly addNameRange     '1.1.11-beta2',
32 silly addNameRange     '1.1.11',
32 silly addNameRange     '1.1.12-beta1',
32 silly addNameRange     '1.1.12-beta2',
32 silly addNameRange     '1.1.12-beta3',
32 silly addNameRange     '1.1.12',
32 silly addNameRange     '1.1.13',
32 silly addNameRange     '1.1.14-beta1',
32 silly addNameRange     '1.1.14-beta2',
32 silly addNameRange     '1.1.14-beta3',
32 silly addNameRange     '1.2.0-beta1',
32 silly addNameRange     '1.2.0',
32 silly addNameRange     '1.2.1-beta1',
32 silly addNameRange     '1.2.1-beta2',
32 silly addNameRange     '1.2.1-beta3',
32 silly addNameRange     '1.2.1-beta4',
32 silly addNameRange     '1.2.1',
32 silly addNameRange     '1.2.2',
32 silly addNameRange     '1.2.3-beta1',
32 silly addNameRange     '1.2.3-beta2',
32 silly addNameRange     '1.2.3-beta3',
32 silly addNameRange     '1.2.3',
32 silly addNameRange     '1.2.4-beta1',
32 silly addNameRange     '1.2.4-beta2',
32 silly addNameRange     '1.2.4-beta3',
32 silly addNameRange     '1.2.4',
32 silly addNameRange     '1.2.5-beta1',
32 silly addNameRange     '1.2.5-beta2',
32 silly addNameRange     '1.2.5-beta3',
32 silly addNameRange     '1.2.5',
32 silly addNameRange     '1.2.6-beta1',
32 silly addNameRange     '1.2.6-beta2',
32 silly addNameRange     '1.2.6-beta3',
32 silly addNameRange     '1.2.6',
32 silly addNameRange     '1.2.7',
32 silly addNameRange     '1.2.8-beta1',
32 silly addNameRange     '1.2.8-beta2',
32 silly addNameRange     '1.2.8',
32 silly addNameRange     '1.2.9',
32 silly addNameRange     '1.2.10',
32 silly addNameRange     '1.2.11',
32 silly addNameRange     '1.2.12',
32 silly addNameRange     '1.2.13',
32 silly addNameRange     '1.2.14-beta1',
32 silly addNameRange     '1.2.14-beta2',
32 silly addNameRange     '1.2.14-beta3',
32 silly addNameRange     '1.2.14-beta4',
32 silly addNameRange     '1.2.14-beta5',
32 silly addNameRange     '1.2.14-beta6',
32 silly addNameRange     '1.2.14',
32 silly addNameRange     '1.3.0-beta1',
32 silly addNameRange     '1.3.0',
32 silly addNameRange     '1.3.1',
32 silly addNameRange     '1.3.2',
32 silly addNameRange     '1.3.3',
32 silly addNameRange     '1.3.4',
32 silly addNameRange     '1.3.5',
32 silly addNameRange     '1.3.6',
32 silly addNameRange     '1.3.7',
32 silly addNameRange     '1.3.8',
32 silly addNameRange     '1.3.9',
32 silly addNameRange     '1.3.10',
32 silly addNameRange     '1.4.0-alpha.1',
32 silly addNameRange     '1.3.11',
32 silly addNameRange     '1.3.1-1.alpha.0',
32 silly addNameRange     '1.4.0-alpha.2',
32 silly addNameRange     '1.3.12',
32 silly addNameRange     '1.3.12-beta.1',
32 silly addNameRange     '1.3.12-beta.2',
32 silly addNameRange     '1.3.13-beta.0',
32 silly addNameRange     '1.3.1-3.beta.1',
32 silly addNameRange     '1.3.1-3.beta.2',
32 silly addNameRange     '1.3.13',
32 silly addNameRange     '1.3.1-3.beta.4',
32 silly addNameRange     '1.3.14-beta',
32 silly addNameRange     '1.3.14-beta.1',
32 silly addNameRange     '1.4.0-alpha.3',
32 silly addNameRange     '1.3.14',
32 silly addNameRange     '1.4.0-alpha.4',
32 silly addNameRange     '1.4.0-alpha.5',
32 silly addNameRange     '1.3.15-beta.0',
32 silly addNameRange     '1.3.15-beta.1',
32 silly addNameRange     '1.3.15-beta.2',
32 silly addNameRange     '1.3.15-beta.3',
32 silly addNameRange     '1.3.15-beta.4',
32 silly addNameRange     '1.3.15',
32 silly addNameRange     '1.3.16',
32 silly addNameRange     '1.4.0-alpha.6',
32 silly addNameRange     '1.3.17-beta.0',
32 silly addNameRange     '1.3.17-beta.1',
32 silly addNameRange     '1.3.17-beta.2',
32 silly addNameRange     '1.3.17-beta.3',
32 silly addNameRange     '1.3.1-7.beta.4',
32 silly addNameRange     '1.3.17',
32 silly addNameRange     '1.3.18-beta.0',
32 silly addNameRange     '1.3.18-beta.1',
32 silly addNameRange     '1.3.18-beta.2',
32 silly addNameRange     '1.3.18-beta.3',
32 silly addNameRange     '1.3.18',
32 silly addNameRange     '1.3.19-beta.0',
32 silly addNameRange     '1.3.19-beta.1',
32 silly addNameRange     '1.3.19-beta.2',
32 silly addNameRange     '1.3.19-beta.3',
32 silly addNameRange     '1.3.19-beta.4',
32 silly addNameRange     '1.3.19',
32 silly addNameRange     '1.3.20',
32 silly addNameRange     '1.4.1-beta.0',
32 silly addNameRange     '1.4.0-beta.1',
32 silly addNameRange     '1.4.0-beta.2',
32 silly addNameRange     '1.4.0-beta.3',
32 silly addNameRange     '1.4.0-beta.5',
32 silly addNameRange     '1.4.0-beta.6',
32 silly addNameRange     '1.4.0-beta.7',
32 silly addNameRange     '1.3.21-beta.0',
32 silly addNameRange     '1.3.21-beta.1',
32 silly addNameRange     '1.3.21',
32 silly addNameRange     '1.3.22',
32 silly addNameRange     '1.4.0-beta.8',
32 silly addNameRange     '1.4.0-beta.9',
32 silly addNameRange     '1.4.0-beta.10',
32 silly addNameRange     '1.4.0-beta.11',
32 silly addNameRange     '1.4.0-beta.12',
32 silly addNameRange     '1.4.0-beta.13',
32 silly addNameRange     '1.4.0-beta.14',
32 silly addNameRange     '1.4.0-beta.15',
32 silly addNameRange     '1.4.0-beta.16',
32 silly addNameRange     '1.4.0-beta.17',
32 silly addNameRange     '1.4.0-beta.18',
32 silly addNameRange     '1.4.0',
32 silly addNameRange     '1.4.1',
32 silly addNameRange     '1.4.2',
32 silly addNameRange     '1.4.3',
32 silly addNameRange     '1.4.4-beta.0',
32 silly addNameRange     '1.4.4-beta.2',
32 silly addNameRange     '1.4.4',
32 silly addNameRange     '1.4.5-beta.0',
32 silly addNameRange     '1.4.5-beta.1',
32 silly addNameRange     '1.4.5-beta.2',
32 silly addNameRange     '1.4.5-beta.3',
32 silly addNameRange     '1.4.5',
32 silly addNameRange     '1.4.6-beta.0',
32 silly addNameRange     '1.4.6',
32 silly addNameRange     '1.4.7',
32 silly addNameRange     '1.4.8',
32 silly addNameRange     '1.5.0-beta.0',
32 silly addNameRange     '1.5.0-beta.1',
32 silly addNameRange     '1.5.0',
32 silly addNameRange     '1.5.1-beta.0',
32 silly addNameRange     '1.5.1-beta.1',
32 silly addNameRange     '1.5.1-beta.2',
32 silly addNameRange     '1.5.1-beta.3',
32 silly addNameRange     '1.5.1-beta.4',
32 silly addNameRange     '1.5.1',
32 silly addNameRange     '1.5.2',
32 silly addNameRange     '1.5.3',
32 silly addNameRange     '1.5.4',
32 silly addNameRange     '1.5.5',
32 silly addNameRange     '1.6.0-beta.1',
32 silly addNameRange     '1.6.0',
32 silly addNameRange     '1.6.1',
32 silly addNameRange     '1.6.2-beta.0',
32 silly addNameRange     '1.6.2-beta.1',
32 silly addNameRange     '1.6.2-beta.2',
32 silly addNameRange     '1.6.2',
32 silly addNameRange     '1.6.3-beta.0',
32 silly addNameRange     '1.6.3-beta.1',
32 silly addNameRange     '1.6.3',
32 silly addNameRange     '1.6.4-beta.0',
32 silly addNameRange     '1.6.4-beta.1',
32 silly addNameRange     '1.6.4',
32 silly addNameRange     '1.7.0-beta.0',
32 silly addNameRange     '1.7.0-beta.1',
32 silly addNameRange     '1.7.0-beta.2',
32 silly addNameRange     '1.7.0-beta.3',
32 silly addNameRange     '2.0.0-alpha.1',
32 silly addNameRange     '2.0.0-alpha.3',
32 silly addNameRange     '1.7.0-beta.4',
32 silly addNameRange     '1.6.5-testing.0',
32 silly addNameRange     '1.6.5-testing.1',
32 silly addNameRange     '1.6.5-testing.2',
32 silly addNameRange     '1.6.5-testing.3',
32 silly addNameRange     '1.6.5',
32 silly addNameRange     '2.0.0-alpha.4',
32 silly addNameRange     '1.7.0-beta.5',
32 silly addNameRange     '1.7.0-beta.6',
32 silly addNameRange     '1.7.0',
32 silly addNameRange     '2.0.0-alpha.5',
32 silly addNameRange     '2.0.0-alpha.6',
32 silly addNameRange     '1.7.1',
32 silly addNameRange     '2.0.0-alpha.7',
32 silly addNameRange     '2.0.0-alpha.8',
32 silly addNameRange     '1.7.2',
32 silly addNameRange     '1.7.3',
32 silly addNameRange     '1.7.4',
32 silly addNameRange     '1.7.5',
32 silly addNameRange     '1.7.6',
32 silly addNameRange     '1.7.7-beta.0',
32 silly addNameRange     '2.0.0-alpha.9',
32 silly addNameRange     '1.7.7',
32 silly addNameRange     '2.0.0-alpha.10',
32 silly addNameRange     '2.0.0-alpha.11',
32 silly addNameRange     '2.0.0-alpha.12',
32 silly addNameRange     '2.0.0-alpha.13',
32 silly addNameRange     '2.0.0-alpha.14',
32 silly addNameRange     '2.0.0-alpha.15',
32 silly addNameRange     '2.0.0-alpha.16',
32 silly addNameRange     '2.0.0-alpha.17',
32 silly addNameRange     '2.0.0-alpha.18' ] ]
33 verbose addNamed ionic@1.7.7
34 silly addNamed semver.valid 1.7.7
35 silly addNamed semver.validRange 1.7.7
36 silly cache afterAdd ionic@1.7.7
37 verbose afterAdd C:\Users\rowed1\AppData\Roaming\npm-cache\ionic\1.7.7\package\package.json not in flight; writing
38 verbose afterAdd C:\Users\rowed1\AppData\Roaming\npm-cache\ionic\1.7.7\package\package.json written
39 verbose stack Error: ENOENT, open 'C:\Development\BathApp\-'
39 verbose stack     at Error (native)
40 verbose cwd C:\Development\BathApp
41 error Windows_NT 6.1.7601
42 error argv "C:\\Program Files (x86)\\nodejs\\\\node.exe" "C:\\Program Files (x86)\\nodejs\\node_modules\\npm\\bin\\npm-cli.js" "install" "-" "ionic"
43 error node v0.12.2
44 error npm  v2.7.4
45 error path C:\Development\BathApp\-
46 error code ENOENT
47 error errno -4058
48 error enoent ENOENT, open 'C:\Development\BathApp\-'
48 error enoent This is most likely not a problem with npm itself
48 error enoent and is related to npm not being able to find a file.
49 verbose exit [ -4058, true ]
